<?xml version="1.0" encoding="UTF-8" ?>
<testsuite failures="0" time="4.015" errors="0" skipped="0" tests="5" name="com.woyo.bo.test.GroupServiceTest">
  <properties>
[...]
</properties>
  <testcase time="3.796" classname="com.woyo.bo.test.GroupServiceTest" name="testSave"/>
  <testcase time="0.032" classname="com.woyo.bo.test.GroupServiceTest" name="testUpdate"/>
  <testcase time="0.015" classname="com.woyo.bo.test.GroupServiceTest" name="testFindByName"/>
  <testcase time="0.032" classname="com.woyo.bo.test.GroupServiceTest" name="testDelete"/>
  <testcase time="0.093" classname="com.woyo.bo.test.GroupServiceTest" name="testFindAll"/>
</testsuite>